<?xml version="1.0" encoding="UTF-8"?>
<!-- Generated by org.testng.reporters.JUnitReportReporter -->
<testsuite name="com.restapi.testing.SimpleGetTest" tests="1" time="1.952" ignored="0" failures="0" timestamp="24 Dec 2019 06:50:34 GMT" skipped="0" hostname="leomahesh-PC" errors="0">
  <testcase name="GetWeatherDetails" time="1.952" classname="com.restapi.testing.SimpleGetTest"/>
</testsuite> <!-- com.restapi.testing.SimpleGetTest -->
