<?xml version="1.0" encoding="UTF-8"?>
<!-- Generated by org.testng.reporters.JUnitReportReporter -->
<testsuite name="com.api.testGET.TestGetMethod" tests="1" time="0.857" ignored="0" failures="0" timestamp="18 Dec 2019 07:27:13 GMT" skipped="0" hostname="leomahesh-PC" errors="0">
  <testcase name="test" time="0.857" classname="com.api.testGET.TestGetMethod"/>
</testsuite> <!-- com.api.testGET.TestGetMethod -->
